1st:value=1
2nd:value=2
3rd:value=3
4th:value=4
5th:value=5
6th:value=6
7th:value=7
8th:value=8
9th:value=9
10th:value=10
11th:value=11
12th:value=12
13th:value=13
14th:value=14
15th:value=15
16th:value=16
17th:value=17
18th:value=18
19th:value=19
20th:value=20
21st:value=21
22nd:value=22
23rd:value=23
24th:value=24
25th:value=25
26th:value=26
27th:value=27
28th:value=28
29th:value=29
30th:value=30
31st:value=31
1ST:value=01
2ND:value=02
3RD:value=03
4TH:value=04
5TH:value=05
6TH:value=06
7TH:value=07
8TH:value=08
9TH:value=09
10TH:value=10
11TH:value=11
12TH:value=12
13TH:value=13
14TH:value=14
15TH:value=15
16TH:value=16
17TH:value=17
18TH:value=18
19TH:value=19
20TH:value=20
21ST:value=21
22ND:value=22
23RD:value=23
24TH:value=24
25TH:value=25
26TH:value=26
27TH:value=27
28TH:value=28
29TH:value=29
30TH:value=30
31ST:value=31
